<?xml version="1.0" encoding="UTF-8"?>
<!-- Generated by org.testng.reporters.JUnitReportReporter -->
<testsuite hostname="DESKTOP-IRL5363" name="com.application.scripts.TC08" tests="1" failures="0" timestamp="10 Jun 2017 17:37:59 GMT" time="82.871" errors="0">
  <testcase name="testTC08" time="82.871" classname="com.application.scripts.TC08"/>
</testsuite> <!-- com.application.scripts.TC08 -->
