<?xml version="1.0" encoding="UTF-8"?>
<!-- Generated by org.testng.reporters.JUnitReportReporter -->
<testsuite hostname="DESKTOP-IRL5363" name="com.application.scripts.TC03" tests="1" failures="0" timestamp="26 Jul 2017 19:19:36 GMT" time="70.460" errors="0">
  <testcase name="testTC03" time="70.460" classname="com.application.scripts.TC03"/>
</testsuite> <!-- com.application.scripts.TC03 -->
