<?xml version="1.0" encoding="UTF-8"?>
<!-- Generated by org.testng.reporters.JUnitReportReporter -->
<testsuite hostname="DESKTOP-IRL5363" name="com.application.scripts.TC07" tests="1" failures="0" timestamp="26 Jul 2017 23:41:50 GMT" time="52.727" errors="0">
  <testcase name="testTC01" time="52.727" classname="com.application.scripts.TC07"/>
</testsuite> <!-- com.application.scripts.TC07 -->
