<?xml version="1.0" encoding="UTF-8"?>
<!-- Generated by org.testng.reporters.JUnitReportReporter -->
<testsuite hostname="DESKTOP-6PDTF69" name="com.application.scripts.TC09" tests="1" failures="0" timestamp="16 Oct 2017 17:50:58 GMT" time="48.347" errors="0">
  <testcase name="testTC09" time="48.347" classname="com.application.scripts.TC09"/>
</testsuite> <!-- com.application.scripts.TC09 -->
