<?xml version="1.0" encoding="UTF-8"?>
<!-- Generated by org.testng.reporters.JUnitReportReporter -->
<testsuite hostname="DESKTOP-IRL5363" name="com.application.scripts.TC010" tests="1" failures="0" timestamp="28 Jul 2017 19:17:48 GMT" time="99.650" errors="0">
  <testcase name="blognew" time="99.650" classname="com.application.scripts.TC010"/>
</testsuite> <!-- com.application.scripts.TC010 -->
