<?xml version="1.0" encoding="UTF-8"?>
<!-- Generated by org.testng.reporters.JUnitReportReporter -->
<testsuite hostname="DESKTOP-IRL5363" name="com.application.scripts.TC02" tests="1" failures="0" timestamp="22 Aug 2017 21:02:39 GMT" time="47.932" errors="0">
  <testcase name="testTC02" time="47.932" classname="com.application.scripts.TC02"/>
</testsuite> <!-- com.application.scripts.TC02 -->
