<?xml version="1.0" encoding="UTF-8"?>
<!-- Generated by org.testng.reporters.JUnitReportReporter -->
<testsuite hostname="DESKTOP-IRL5363" name="com.application.scripts.TC01" tests="1" failures="0" timestamp="18 Jun 2017 11:54:57 GMT" time="36.326" errors="0">
  <testcase name="testTC01" time="36.326" classname="com.application.scripts.TC01"/>
</testsuite> <!-- com.application.scripts.TC01 -->
