<?xml version="1.0" encoding="UTF-8"?>
<!-- Generated by org.testng.reporters.JUnitReportReporter -->
<testsuite hostname="DESKTOP-IRL5363" name="com.application.scripts.TC05" tests="1" failures="0" timestamp="9 Jun 2017 02:12:43 GMT" time="61.676" errors="0">
  <testcase name="testTC05" time="61.676" classname="com.application.scripts.TC05"/>
</testsuite> <!-- com.application.scripts.TC05 -->
