<?xml version="1.0" encoding="UTF-8"?>
<!-- Generated by org.testng.reporters.JUnitReportReporter -->
<testsuite hostname="DESKTOP-IRL5363" name="com.application.scripts.TC06" tests="1" failures="0" timestamp="27 Jul 2017 19:46:58 GMT" time="50.715" errors="0">
  <testcase name="testTC06" time="50.715" classname="com.application.scripts.TC06"/>
</testsuite> <!-- com.application.scripts.TC06 -->
