<?xml version="1.0" encoding="UTF-8"?>
<!-- Generated by org.testng.reporters.JUnitReportReporter -->
<testsuite hostname="DESKTOP-IRL5363" name="com.application.scripts.TC04" tests="1" failures="0" timestamp="9 Jun 2017 00:16:34 GMT" time="44.034" errors="0">
  <testcase name="testTC04" time="44.034" classname="com.application.scripts.TC04"/>
</testsuite> <!-- com.application.scripts.TC04 -->
